# JRE version: OpenJDK Runtime Environment (17.0.7) (build 17.0.7+0-b2043.56-10550314)
# Java VM: OpenJDK 64-Bit Server VM (17.0.7+0-b2043.56-10550314, mixed mode, tiered, compressed oops, compressed class ptrs, g1 gc, windows-amd64)
GC Precious Log:
 CPUs: 8 total, 8 available
 Memory: 7971M
 Large Page Support: Disabled
 NUMA Support: Disabled
 Compressed Oops: Enabled (32-bit)
 Heap Region Size: 1M
 Heap Min Capacity: 8M
 Heap Initial Capacity: 126M
 Heap Max Capacity: 2G
 Pre-touch: Disabled
 Parallel Workers: 8
 Concurrent Workers: 2
 Concurrent Refinement Workers: 8
 Periodic GC: Disabled
Heap:
 garbage-first heap   total 380928K, used 138550K [0x0000000080000000, 0x0000000100000000)
  region size 1024K, 10 young (10240K), 10 survivors (10240K)
 Metaspace       used 151696K, committed 152960K, reserved 1245184K
  class space    used 19983K, committed 20608K, reserved 1048576K
GC Heap History (20 events):
Event: 3741.446 GC heap after
{Heap after GC invocations=97 (full 0):
 garbage-first heap   total 380928K, used 146993K [0x0000000080000000, 0x0000000100000000)
  region size 1024K, 3 young (3072K), 3 survivors (3072K)
 Metaspace       used 150661K, committed 151936K, reserved 1245184K
  class space    used 19988K, committed 20608K, reserved 1048576K
}
Event: 3742.417 GC heap before
{Heap before GC invocations=97 (full 0):
 garbage-first heap   total 380928K, used 195121K [0x0000000080000000, 0x0000000100000000)
  region size 1024K, 52 young (53248K), 3 survivors (3072K)
 Metaspace       used 150741K, committed 152000K, reserved 1245184K
  class space    used 19988K, committed 20608K, reserved 1048576K
}
Event: 3742.430 GC heap after
{Heap after GC invocations=98 (full 0):
 garbage-first heap   total 380928K, used 151997K [0x0000000080000000, 0x0000000100000000)
  region size 1024K, 8 young (8192K), 8 survivors (8192K)
 Metaspace       used 150741K, committed 152000K, reserved 1245184K
  class space    used 19988K, committed 20608K, reserved 1048576K
}
Event: 3905.027 GC heap before
{Heap before GC invocations=99 (full 0):
 garbage-first heap   total 380928K, used 296381K [0x0000000080000000, 0x0000000100000000)
  region size 1024K, 136 young (139264K), 8 survivors (8192K)
 Metaspace       used 150880K, committed 152128K, reserved 1245184K
  class space    used 19988K, committed 20608K, reserved 1048576K
}
Event: 3905.219 GC heap after
{Heap after GC invocations=100 (full 0):
 garbage-first heap   total 380928K, used 161693K [0x0000000080000000, 0x0000000100000000)
  region size 1024K, 15 young (15360K), 15 survivors (15360K)
 Metaspace       used 150880K, committed 152128K, reserved 1245184K
  class space    used 19988K, committed 20608K, reserved 1048576K
}
Event: 3905.288 GC heap before
{Heap before GC invocations=100 (full 0):
 garbage-first heap   total 380928K, used 164765K [0x0000000080000000, 0x0000000100000000)
  region size 1024K, 18 young (18432K), 15 survivors (15360K)
 Metaspace       used 150882K, committed 152128K, reserved 1245184K
  class space    used 19988K, committed 20608K, reserved 1048576K
}
Event: 3905.498 GC heap after
{Heap after GC invocations=101 (full 0):
 garbage-first heap   total 380928K, used 142501K [0x0000000080000000, 0x0000000100000000)
  region size 1024K, 2 young (2048K), 2 survivors (2048K)
 Metaspace       used 150882K, committed 152128K, reserved 1245184K
  class space    used 19988K, committed 20608K, reserved 1048576K
}
Event: 3906.227 GC heap before
{Heap before GC invocations=101 (full 0):
 garbage-first heap   total 380928K, used 162981K [0x0000000080000000, 0x0000000100000000)
  region size 1024K, 24 young (24576K), 2 survivors (2048K)
 Metaspace       used 150955K, committed 152320K, reserved 1245184K
  class space    used 19989K, committed 20608K, reserved 1048576K
}
Event: 3906.235 GC heap after
{Heap after GC invocations=102 (full 0):
 garbage-first heap   total 380928K, used 141795K [0x0000000080000000, 0x0000000100000000)
  region size 1024K, 2 young (2048K), 2 survivors (2048K)
 Metaspace       used 150955K, committed 152320K, reserved 1245184K
  class space    used 19989K, committed 20608K, reserved 1048576K
}
Event: 4480.502 GC heap before
{Heap before GC invocations=103 (full 0):
 garbage-first heap   total 380928K, used 303587K [0x0000000080000000, 0x0000000100000000)
  region size 1024K, 151 young (154624K), 2 survivors (2048K)
 Metaspace       used 151142K, committed 152448K, reserved 1245184K
  class space    used 19990K, committed 20608K, reserved 1048576K
}
Event: 4480.629 GC heap after
{Heap after GC invocations=104 (full 0):
 garbage-first heap   total 380928K, used 145439K [0x0000000080000000, 0x0000000100000000)
  region size 1024K, 7 young (7168K), 7 survivors (7168K)
 Metaspace       used 151142K, committed 152448K, reserved 1245184K
  class space    used 19990K, committed 20608K, reserved 1048576K
}
Event: 4480.960 GC heap before
{Heap before GC invocations=104 (full 0):
 garbage-first heap   total 380928K, used 155679K [0x0000000080000000, 0x0000000100000000)
  region size 1024K, 18 young (18432K), 7 survivors (7168K)
 Metaspace       used 151155K, committed 152448K, reserved 1245184K
  class space    used 19990K, committed 20608K, reserved 1048576K
}
Event: 4481.153 GC heap after
{Heap after GC invocations=105 (full 0):
 garbage-first heap   total 380928K, used 131060K [0x0000000080000000, 0x0000000100000000)
  region size 1024K, 3 young (3072K), 3 survivors (3072K)
 Metaspace       used 151155K, committed 152448K, reserved 1245184K
  class space    used 19990K, committed 20608K, reserved 1048576K
}
Event: 4481.706 GC heap before
{Heap before GC invocations=105 (full 0):
 garbage-first heap   total 380928K, used 139252K [0x0000000080000000, 0x0000000100000000)
  region size 1024K, 12 young (12288K), 3 survivors (3072K)
 Metaspace       used 151171K, committed 152448K, reserved 1245184K
  class space    used 19990K, committed 20608K, reserved 1048576K
}
Event: 4481.728 GC heap after
{Heap after GC invocations=106 (full 0):
 garbage-first heap   total 380928K, used 132857K [0x0000000080000000, 0x0000000100000000)
  region size 1024K, 4 young (4096K), 4 survivors (4096K)
 Metaspace       used 151171K, committed 152448K, reserved 1245184K
  class space    used 19990K, committed 20608K, reserved 1048576K
}
Event: 5155.405 GC heap before
{Heap before GC invocations=107 (full 0):
 garbage-first heap   total 380928K, used 305913K [0x0000000080000000, 0x0000000100000000)
  region size 1024K, 160 young (163840K), 4 survivors (4096K)
 Metaspace       used 151258K, committed 152512K, reserved 1245184K
  class space    used 19983K, committed 20608K, reserved 1048576K
}
Event: 5155.607 GC heap after
{Heap after GC invocations=108 (full 0):
 garbage-first heap   total 380928K, used 141797K [0x0000000080000000, 0x0000000100000000)
  region size 1024K, 11 young (11264K), 11 survivors (11264K)
 Metaspace       used 151258K, committed 152512K, reserved 1245184K
  class space    used 19983K, committed 20608K, reserved 1048576K
}
Event: 5156.273 GC heap before
{Heap before GC invocations=108 (full 0):
 garbage-first heap   total 380928K, used 149989K [0x0000000080000000, 0x0000000100000000)
  region size 1024K, 18 young (18432K), 11 survivors (11264K)
 Metaspace       used 151261K, committed 152512K, reserved 1245184K
  class space    used 19983K, committed 20608K, reserved 1048576K
}
Event: 5156.492 GC heap after
{Heap after GC invocations=109 (full 0):
 garbage-first heap   total 380928K, used 131399K [0x0000000080000000, 0x0000000100000000)
  region size 1024K, 3 young (3072K), 3 survivors (3072K)
 Metaspace       used 151261K, committed 152512K, reserved 1245184K
  class space    used 19983K, committed 20608K, reserved 1048576K
}
Event: 5159.788 GC heap before
{Heap before GC invocations=109 (full 0):
 garbage-first heap   total 380928K, used 290119K [0x0000000080000000, 0x0000000100000000)
  region size 1024K, 160 young (163840K), 3 survivors (3072K)
 Metaspace       used 151696K, committed 152960K, reserved 1245184K
  class space    used 19983K, committed 20608K, reserved 1048576K
}

