# JRE version: OpenJDK Runtime Environment (17.0.7) (build 17.0.7+0-b2043.56-10550314)
# Java VM: OpenJDK 64-Bit Server VM (17.0.7+0-b2043.56-10550314, mixed mode, tiered, compressed oops, compressed class ptrs, g1 gc, windows-amd64)
GC Precious Log:
 CPUs: 8 total, 8 available
 Memory: 7971M
 Large Page Support: Disabled
 NUMA Support: Disabled
 Compressed Oops: Enabled (32-bit)
 Heap Region Size: 1M
 Heap Min Capacity: 8M
 Heap Initial Capacity: 126M
 Heap Max Capacity: 2G
 Pre-touch: Disabled
 Parallel Workers: 8
 Concurrent Workers: 2
 Concurrent Refinement Workers: 8
 Periodic GC: Disabled
Heap:
 garbage-first heap   total 501760K, used 129724K [0x0000000080000000, 0x0000000100000000)
  region size 1024K, 2 young (2048K), 2 survivors (2048K)
 Metaspace       used 145154K, committed 146368K, reserved 1179648K
  class space    used 19134K, committed 19712K, reserved 1048576K
GC Heap History (20 events):
Event: 2865.155 GC heap after
{Heap after GC invocations=63 (full 0):
 garbage-first heap   total 501760K, used 136447K [0x0000000080000000, 0x0000000100000000)
  region size 1024K, 8 young (8192K), 8 survivors (8192K)
 Metaspace       used 143649K, committed 144640K, reserved 1179648K
  class space    used 19005K, committed 19456K, reserved 1048576K
}
Event: 2866.035 GC heap before
{Heap before GC invocations=63 (full 0):
 garbage-first heap   total 501760K, used 154879K [0x0000000080000000, 0x0000000100000000)
  region size 1024K, 24 young (24576K), 8 survivors (8192K)
 Metaspace       used 143678K, committed 144640K, reserved 1179648K
  class space    used 19007K, committed 19456K, reserved 1048576K
}
Event: 2866.141 GC heap after
{Heap after GC invocations=64 (full 0):
 garbage-first heap   total 501760K, used 138150K [0x0000000080000000, 0x0000000100000000)
  region size 1024K, 3 young (3072K), 3 survivors (3072K)
 Metaspace       used 143678K, committed 144640K, reserved 1179648K
  class space    used 19007K, committed 19456K, reserved 1048576K
}
Event: 2868.324 GC heap before
{Heap before GC invocations=64 (full 0):
 garbage-first heap   total 501760K, used 195494K [0x0000000080000000, 0x0000000100000000)
  region size 1024K, 61 young (62464K), 3 survivors (3072K)
 Metaspace       used 143958K, committed 144960K, reserved 1179648K
  class space    used 19012K, committed 19520K, reserved 1048576K
}
Event: 2868.351 GC heap after
{Heap after GC invocations=65 (full 0):
 garbage-first heap   total 501760K, used 144531K [0x0000000080000000, 0x0000000100000000)
  region size 1024K, 10 young (10240K), 10 survivors (10240K)
 Metaspace       used 143958K, committed 144960K, reserved 1179648K
  class space    used 19012K, committed 19520K, reserved 1048576K
}
Event: 2988.492 GC heap before
{Heap before GC invocations=66 (full 0):
 garbage-first heap   total 501760K, used 284819K [0x0000000080000000, 0x0000000100000000)
  region size 1024K, 134 young (137216K), 10 survivors (10240K)
 Metaspace       used 144665K, committed 145920K, reserved 1179648K
  class space    used 19137K, committed 19712K, reserved 1048576K
}
Event: 2989.026 GC heap after
{Heap after GC invocations=67 (full 0):
 garbage-first heap   total 501760K, used 149855K [0x0000000080000000, 0x0000000100000000)
  region size 1024K, 13 young (13312K), 13 survivors (13312K)
 Metaspace       used 144665K, committed 145920K, reserved 1179648K
  class space    used 19137K, committed 19712K, reserved 1048576K
}
Event: 2989.566 GC heap before
{Heap before GC invocations=67 (full 0):
 garbage-first heap   total 501760K, used 160095K [0x0000000080000000, 0x0000000100000000)
  region size 1024K, 24 young (24576K), 13 survivors (13312K)
 Metaspace       used 144675K, committed 145920K, reserved 1179648K
  class space    used 19137K, committed 19712K, reserved 1048576K
}
Event: 2989.749 GC heap after
{Heap after GC invocations=68 (full 0):
 garbage-first heap   total 501760K, used 139550K [0x0000000080000000, 0x0000000100000000)
  region size 1024K, 3 young (3072K), 3 survivors (3072K)
 Metaspace       used 144675K, committed 145920K, reserved 1179648K
  class space    used 19137K, committed 19712K, reserved 1048576K
}
Event: 3300.392 GC heap before
{Heap before GC invocations=68 (full 0):
 garbage-first heap   total 501760K, used 229662K [0x0000000080000000, 0x0000000100000000)
  region size 1024K, 92 young (94208K), 3 survivors (3072K)
 Metaspace       used 144895K, committed 146112K, reserved 1179648K
  class space    used 19137K, committed 19712K, reserved 1048576K
}
Event: 3300.588 GC heap after
{Heap after GC invocations=69 (full 0):
 garbage-first heap   total 501760K, used 140252K [0x0000000080000000, 0x0000000100000000)
  region size 1024K, 3 young (3072K), 3 survivors (3072K)
 Metaspace       used 144895K, committed 146112K, reserved 1179648K
  class space    used 19137K, committed 19712K, reserved 1048576K
}
Event: 3305.054 GC heap before
{Heap before GC invocations=70 (full 0):
 garbage-first heap   total 501760K, used 181212K [0x0000000080000000, 0x0000000100000000)
  region size 1024K, 44 young (45056K), 3 survivors (3072K)
 Metaspace       used 144949K, committed 146176K, reserved 1179648K
  class space    used 19134K, committed 19712K, reserved 1048576K
}
Event: 3305.083 GC heap after
{Heap after GC invocations=71 (full 0):
 garbage-first heap   total 501760K, used 144024K [0x0000000080000000, 0x0000000100000000)
  region size 1024K, 6 young (6144K), 6 survivors (6144K)
 Metaspace       used 144949K, committed 146176K, reserved 1179648K
  class space    used 19134K, committed 19712K, reserved 1048576K
}
Event: 3305.846 GC heap before
{Heap before GC invocations=71 (full 0):
 garbage-first heap   total 501760K, used 162456K [0x0000000080000000, 0x0000000100000000)
  region size 1024K, 24 young (24576K), 6 survivors (6144K)
 Metaspace       used 144986K, committed 146240K, reserved 1179648K
  class space    used 19134K, committed 19712K, reserved 1048576K
}
Event: 3305.911 GC heap after
{Heap after GC invocations=72 (full 0):
 garbage-first heap   total 501760K, used 127526K [0x0000000080000000, 0x0000000100000000)
  region size 1024K, 3 young (3072K), 3 survivors (3072K)
 Metaspace       used 144986K, committed 146240K, reserved 1179648K
  class space    used 19134K, committed 19712K, reserved 1048576K
}
Event: 3306.024 GC heap before
{Heap before GC invocations=72 (full 0):
 garbage-first heap   total 501760K, used 129574K [0x0000000080000000, 0x0000000100000000)
  region size 1024K, 6 young (6144K), 3 survivors (3072K)
 Metaspace       used 144995K, committed 146240K, reserved 1179648K
  class space    used 19134K, committed 19712K, reserved 1048576K
}
Event: 3306.032 GC heap after
{Heap after GC invocations=73 (full 0):
 garbage-first heap   total 501760K, used 128862K [0x0000000080000000, 0x0000000100000000)
  region size 1024K, 5 young (5120K), 5 survivors (5120K)
 Metaspace       used 144995K, committed 146240K, reserved 1179648K
  class space    used 19134K, committed 19712K, reserved 1048576K
}
Event: 3306.915 GC heap before
{Heap before GC invocations=74 (full 0):
 garbage-first heap   total 475136K, used 156510K [0x0000000080000000, 0x0000000100000000)
  region size 1024K, 30 young (30720K), 5 survivors (5120K)
 Metaspace       used 145056K, committed 146304K, reserved 1179648K
  class space    used 19134K, committed 19712K, reserved 1048576K
}
Event: 3306.946 GC heap after
{Heap after GC invocations=75 (full 0):
 garbage-first heap   total 475136K, used 138027K [0x0000000080000000, 0x0000000100000000)
  region size 1024K, 4 young (4096K), 4 survivors (4096K)
 Metaspace       used 145056K, committed 146304K, reserved 1179648K
  class space    used 19134K, committed 19712K, reserved 1048576K
}
Event: 3307.991 GC heap before
{Heap before GC invocations=75 (full 0):
 garbage-first heap   total 475136K, used 157483K [0x0000000080000000, 0x0000000100000000)
  region size 1024K, 23 young (23552K), 4 survivors (4096K)
 Metaspace       used 145154K, committed 146368K, reserved 1179648K
  class space    used 19134K, committed 19712K, reserved 1048576K
}

