# JRE version: OpenJDK Runtime Environment (17.0.7) (build 17.0.7+0-b2043.56-10550314)
# Java VM: OpenJDK 64-Bit Server VM (17.0.7+0-b2043.56-10550314, mixed mode, tiered, compressed oops, compressed class ptrs, g1 gc, windows-amd64)
GC Precious Log:
 CPUs: 8 total, 8 available
 Memory: 7971M
 Large Page Support: Disabled
 NUMA Support: Disabled
 Compressed Oops: Enabled (32-bit)
 Heap Region Size: 1M
 Heap Min Capacity: 8M
 Heap Initial Capacity: 126M
 Heap Max Capacity: 2G
 Pre-touch: Disabled
 Parallel Workers: 8
 Concurrent Workers: 2
 Concurrent Refinement Workers: 8
 Periodic GC: Disabled
Heap:
 garbage-first heap   total 502784K, used 145289K [0x0000000080000000, 0x0000000100000000)
  region size 1024K, 3 young (3072K), 3 survivors (3072K)
 Metaspace       used 147088K, committed 148928K, reserved 1179648K
  class space    used 19105K, committed 19968K, reserved 1048576K
GC Heap History (20 events):
Event: 4729.741 GC heap after
{Heap after GC invocations=93 (full 0):
 garbage-first heap   total 488448K, used 145768K [0x0000000080000000, 0x0000000100000000)
  region size 1024K, 2 young (2048K), 2 survivors (2048K)
 Metaspace       used 145911K, committed 147712K, reserved 1179648K
  class space    used 19070K, committed 19904K, reserved 1048576K
}
Event: 4729.883 GC heap before
{Heap before GC invocations=93 (full 0):
 garbage-first heap   total 488448K, used 159080K [0x0000000080000000, 0x0000000100000000)
  region size 1024K, 17 young (17408K), 2 survivors (2048K)
 Metaspace       used 145911K, committed 147712K, reserved 1179648K
  class space    used 19070K, committed 19904K, reserved 1048576K
}
Event: 4729.908 GC heap after
{Heap after GC invocations=94 (full 0):
 garbage-first heap   total 488448K, used 152914K [0x0000000080000000, 0x0000000100000000)
  region size 1024K, 9 young (9216K), 9 survivors (9216K)
 Metaspace       used 145911K, committed 147712K, reserved 1179648K
  class space    used 19070K, committed 19904K, reserved 1048576K
}
Event: 5095.476 GC heap before
{Heap before GC invocations=95 (full 0):
 garbage-first heap   total 488448K, used 416082K [0x0000000080000000, 0x0000000100000000)
  region size 1024K, 220 young (225280K), 9 survivors (9216K)
 Metaspace       used 146188K, committed 147968K, reserved 1179648K
  class space    used 19100K, committed 19968K, reserved 1048576K
}
Event: 5095.679 GC heap after
{Heap after GC invocations=96 (full 0):
 garbage-first heap   total 488448K, used 159969K [0x0000000080000000, 0x0000000100000000)
  region size 1024K, 18 young (18432K), 18 survivors (18432K)
 Metaspace       used 146188K, committed 147968K, reserved 1179648K
  class space    used 19100K, committed 19968K, reserved 1048576K
}
Event: 5095.754 GC heap before
{Heap before GC invocations=96 (full 0):
 garbage-first heap   total 488448K, used 164065K [0x0000000080000000, 0x0000000100000000)
  region size 1024K, 23 young (23552K), 18 survivors (18432K)
 Metaspace       used 146188K, committed 147968K, reserved 1179648K
  class space    used 19100K, committed 19968K, reserved 1048576K
}
Event: 5096.001 GC heap after
{Heap after GC invocations=97 (full 0):
 garbage-first heap   total 488448K, used 148463K [0x0000000080000000, 0x0000000100000000)
  region size 1024K, 3 young (3072K), 3 survivors (3072K)
 Metaspace       used 146188K, committed 147968K, reserved 1179648K
  class space    used 19100K, committed 19968K, reserved 1048576K
}
Event: 5096.307 GC heap before
{Heap before GC invocations=97 (full 0):
 garbage-first heap   total 488448K, used 169967K [0x0000000080000000, 0x0000000100000000)
  region size 1024K, 26 young (26624K), 3 survivors (3072K)
 Metaspace       used 146209K, committed 147968K, reserved 1179648K
  class space    used 19101K, committed 19968K, reserved 1048576K
}
Event: 5096.337 GC heap after
{Heap after GC invocations=98 (full 0):
 garbage-first heap   total 488448K, used 147842K [0x0000000080000000, 0x0000000100000000)
  region size 1024K, 3 young (3072K), 3 survivors (3072K)
 Metaspace       used 146209K, committed 147968K, reserved 1179648K
  class space    used 19101K, committed 19968K, reserved 1048576K
}
Event: 5230.941 GC heap before
{Heap before GC invocations=99 (full 0):
 garbage-first heap   total 488448K, used 430466K [0x0000000080000000, 0x0000000100000000)
  region size 1024K, 237 young (242688K), 3 survivors (3072K)
 Metaspace       used 146426K, committed 148224K, reserved 1179648K
  class space    used 19104K, committed 19968K, reserved 1048576K
}
Event: 5231.082 GC heap after
{Heap after GC invocations=100 (full 0):
 garbage-first heap   total 488448K, used 159764K [0x0000000080000000, 0x0000000100000000)
  region size 1024K, 18 young (18432K), 18 survivors (18432K)
 Metaspace       used 146426K, committed 148224K, reserved 1179648K
  class space    used 19104K, committed 19968K, reserved 1048576K
}
Event: 5231.132 GC heap before
{Heap before GC invocations=100 (full 0):
 garbage-first heap   total 488448K, used 164884K [0x0000000080000000, 0x0000000100000000)
  region size 1024K, 23 young (23552K), 18 survivors (18432K)
 Metaspace       used 146426K, committed 148224K, reserved 1179648K
  class space    used 19104K, committed 19968K, reserved 1048576K
}
Event: 5231.400 GC heap after
{Heap after GC invocations=101 (full 0):
 garbage-first heap   total 488448K, used 142943K [0x0000000080000000, 0x0000000100000000)
  region size 1024K, 3 young (3072K), 3 survivors (3072K)
 Metaspace       used 146426K, committed 148224K, reserved 1179648K
  class space    used 19104K, committed 19968K, reserved 1048576K
}
Event: 5231.561 GC heap before
{Heap before GC invocations=101 (full 0):
 garbage-first heap   total 488448K, used 161375K [0x0000000080000000, 0x0000000100000000)
  region size 1024K, 23 young (23552K), 3 survivors (3072K)
 Metaspace       used 146426K, committed 148224K, reserved 1179648K
  class space    used 19104K, committed 19968K, reserved 1048576K
}
Event: 5231.594 GC heap after
{Heap after GC invocations=102 (full 0):
 garbage-first heap   total 488448K, used 151393K [0x0000000080000000, 0x0000000100000000)
  region size 1024K, 12 young (12288K), 12 survivors (12288K)
 Metaspace       used 146426K, committed 148224K, reserved 1179648K
  class space    used 19104K, committed 19968K, reserved 1048576K
}
Event: 5243.221 GC heap before
{Heap before GC invocations=103 (full 0):
 garbage-first heap   total 488448K, used 364385K [0x0000000080000000, 0x0000000100000000)
  region size 1024K, 200 young (204800K), 12 survivors (12288K)
 Metaspace       used 146843K, committed 148672K, reserved 1179648K
  class space    used 19105K, committed 19968K, reserved 1048576K
}
Event: 5243.347 GC heap after
{Heap after GC invocations=104 (full 0):
 garbage-first heap   total 488448K, used 160101K [0x0000000080000000, 0x0000000100000000)
  region size 1024K, 18 young (18432K), 18 survivors (18432K)
 Metaspace       used 146843K, committed 148672K, reserved 1179648K
  class space    used 19105K, committed 19968K, reserved 1048576K
}
Event: 5243.590 GC heap before
{Heap before GC invocations=104 (full 0):
 garbage-first heap   total 488448K, used 165221K [0x0000000080000000, 0x0000000100000000)
  region size 1024K, 23 young (23552K), 18 survivors (18432K)
 Metaspace       used 146876K, committed 148672K, reserved 1179648K
  class space    used 19105K, committed 19968K, reserved 1048576K
}
Event: 5243.687 GC heap after
{Heap after GC invocations=105 (full 0):
 garbage-first heap   total 488448K, used 145656K [0x0000000080000000, 0x0000000100000000)
  region size 1024K, 3 young (3072K), 3 survivors (3072K)
 Metaspace       used 146876K, committed 148672K, reserved 1179648K
  class space    used 19105K, committed 19968K, reserved 1048576K
}
Event: 5243.948 GC heap before
{Heap before GC invocations=105 (full 0):
 garbage-first heap   total 488448K, used 169208K [0x0000000080000000, 0x0000000100000000)
  region size 1024K, 27 young (27648K), 3 survivors (3072K)
 Metaspace       used 147088K, committed 148928K, reserved 1179648K
  class space    used 19105K, committed 19968K, reserved 1048576K
}

